<?xml version="1.0" encoding="UTF-8"?>
<!-- Generated by org.testng.reporters.JUnitReportReporter -->
<testsuite hostname="5CD138MBGZ" failures="0" tests="2" name="pomTest.Try" time="5.645" errors="0" timestamp="2023-04-27T13:15:50 IST" skipped="0">
  <testcase classname="pomTest.Try" name="method" time="3.439"/>
  <system-out/>
  <testcase classname="pomTest.Try" name="method" time="2.206"/>
  <system-out/>
</testsuite> <!-- pomTest.Try -->
