<?xml version="1.0" encoding="UTF-8"?>
<!-- Generated by org.testng.reporters.JUnitReportReporter -->
<testsuite hostname="5CD138MBGZ" failures="0" tests="1" name="pomTest.LoginTest" time="0.747" errors="0" timestamp="2023-04-30T11:59:21 IST" skipped="0">
  <testcase classname="pomTest.LoginTest" name="login" time="0.747"/>
  <system-out/>
</testsuite> <!-- pomTest.LoginTest -->
